<?xml version="1.0" encoding="UTF-8"?>
<testsuite xmlns:xsi="http://www.w3.org/2001/XMLSchema-instance" xsi:noNamespaceSchemaLocation="https://maven.apache.org/surefire/maven-surefire-plugin/xsd/surefire-test-report.xsd" name="com.cloud.plug_in_sales.PlugInSalesApplicationTests" time="29.532" tests="1" errors="0" skipped="0" failures="0">
  <properties>
    <property name="sun.desktop" value="windows"/>
    <property name="awt.toolkit" value="sun.awt.windows.WToolkit"/>
    <property name="file.encoding.pkg" value="sun.io"/>
    <property name="java.specification.version" value="1.8"/>
    <property name="sun.cpu.isalist" value="amd64"/>
    <property name="sun.jnu.encoding" value="GBK"/>
    <property name="java.class.path" value="D:\IDEAProgram\plug_in_sales\target\test-classes;D:\IDEAProgram\plug_in_sales\target\classes;E:\MyDownloads\javaWeb\maven\repository\org\springframework\boot\spring-boot-starter-jdbc\2.2.5.RELEASE\spring-boot-starter-jdbc-2.2.5.RELEASE.jar;E:\MyDownloads\javaWeb\maven\repository\org\springframework\boot\spring-boot-starter\2.2.5.RELEASE\spring-boot-starter-2.2.5.RELEASE.jar;E:\MyDownloads\javaWeb\maven\repository\org\springframework\boot\spring-boot-starter-logging\2.2.5.RELEASE\spring-boot-starter-logging-2.2.5.RELEASE.jar;E:\MyDownloads\javaWeb\maven\repository\ch\qos\logback\logback-classic\1.2.3\logback-classic-1.2.3.jar;E:\MyDownloads\javaWeb\maven\repository\ch\qos\logback\logback-core\1.2.3\logback-core-1.2.3.jar;E:\MyDownloads\javaWeb\maven\repository\org\apache\logging\log4j\log4j-to-slf4j\2.12.1\log4j-to-slf4j-2.12.1.jar;E:\MyDownloads\javaWeb\maven\repository\org\apache\logging\log4j\log4j-api\2.12.1\log4j-api-2.12.1.jar;E:\MyDownloads\javaWeb\maven\repository\org\slf4j\jul-to-slf4j\1.7.30\jul-to-slf4j-1.7.30.jar;E:\MyDownloads\javaWeb\maven\repository\jakarta\annotation\jakarta.annotation-api\1.3.5\jakarta.annotation-api-1.3.5.jar;E:\MyDownloads\javaWeb\maven\repository\org\yaml\snakeyaml\1.25\snakeyaml-1.25.jar;E:\MyDownloads\javaWeb\maven\repository\com\zaxxer\HikariCP\3.4.2\HikariCP-3.4.2.jar;E:\MyDownloads\javaWeb\maven\repository\org\springframework\spring-jdbc\5.2.4.RELEASE\spring-jdbc-5.2.4.RELEASE.jar;E:\MyDownloads\javaWeb\maven\repository\org\springframework\spring-beans\5.2.4.RELEASE\spring-beans-5.2.4.RELEASE.jar;E:\MyDownloads\javaWeb\maven\repository\org\springframework\spring-tx\5.2.4.RELEASE\spring-tx-5.2.4.RELEASE.jar;E:\MyDownloads\javaWeb\maven\repository\mysql\mysql-connector-java\8.0.19\mysql-connector-java-8.0.19.jar;E:\MyDownloads\javaWeb\maven\repository\org\springframework\boot\spring-boot-starter-thymeleaf\2.2.5.RELEASE\spring-boot-starter-thymeleaf-2.2.5.RELEASE.jar;E:\MyDownloads\javaWeb\maven\repository\org\thymeleaf\thymeleaf-spring5\3.0.11.RELEASE\thymeleaf-spring5-3.0.11.RELEASE.jar;E:\MyDownloads\javaWeb\maven\repository\org\thymeleaf\thymeleaf\3.0.11.RELEASE\thymeleaf-3.0.11.RELEASE.jar;E:\MyDownloads\javaWeb\maven\repository\org\attoparser\attoparser\2.0.5.RELEASE\attoparser-2.0.5.RELEASE.jar;E:\MyDownloads\javaWeb\maven\repository\org\unbescape\unbescape\1.1.6.RELEASE\unbescape-1.1.6.RELEASE.jar;E:\MyDownloads\javaWeb\maven\repository\org\thymeleaf\extras\thymeleaf-extras-java8time\3.0.4.RELEASE\thymeleaf-extras-java8time-3.0.4.RELEASE.jar;E:\MyDownloads\javaWeb\maven\repository\org\springframework\boot\spring-boot-starter-web\2.2.5.RELEASE\spring-boot-starter-web-2.2.5.RELEASE.jar;E:\MyDownloads\javaWeb\maven\repository\org\springframework\boot\spring-boot-starter-json\2.2.5.RELEASE\spring-boot-starter-json-2.2.5.RELEASE.jar;E:\MyDownloads\javaWeb\maven\repository\com\fasterxml\jackson\datatype\jackson-datatype-jdk8\2.10.2\jackson-datatype-jdk8-2.10.2.jar;E:\MyDownloads\javaWeb\maven\repository\com\fasterxml\jackson\datatype\jackson-datatype-jsr310\2.10.2\jackson-datatype-jsr310-2.10.2.jar;E:\MyDownloads\javaWeb\maven\repository\com\fasterxml\jackson\module\jackson-module-parameter-names\2.10.2\jackson-module-parameter-names-2.10.2.jar;E:\MyDownloads\javaWeb\maven\repository\org\springframework\boot\spring-boot-starter-tomcat\2.2.5.RELEASE\spring-boot-starter-tomcat-2.2.5.RELEASE.jar;E:\MyDownloads\javaWeb\maven\repository\org\apache\tomcat\embed\tomcat-embed-el\9.0.31\tomcat-embed-el-9.0.31.jar;E:\MyDownloads\javaWeb\maven\repository\org\apache\tomcat\embed\tomcat-embed-websocket\9.0.31\tomcat-embed-websocket-9.0.31.jar;E:\MyDownloads\javaWeb\maven\repository\org\springframework\boot\spring-boot-starter-validation\2.2.5.RELEASE\spring-boot-starter-validation-2.2.5.RELEASE.jar;E:\MyDownloads\javaWeb\maven\repository\jakarta\validation\jakarta.validation-api\2.0.2\jakarta.validation-api-2.0.2.jar;E:\MyDownloads\javaWeb\maven\repository\org\hibernate\validator\hibernate-validator\6.0.18.Final\hibernate-validator-6.0.18.Final.jar;E:\MyDownloads\javaWeb\maven\repository\org\jboss\logging\jboss-logging\3.4.1.Final\jboss-logging-3.4.1.Final.jar;E:\MyDownloads\javaWeb\maven\repository\com\fasterxml\classmate\1.5.1\classmate-1.5.1.jar;E:\MyDownloads\javaWeb\maven\repository\org\springframework\spring-web\5.2.4.RELEASE\spring-web-5.2.4.RELEASE.jar;E:\MyDownloads\javaWeb\maven\repository\org\springframework\spring-webmvc\5.2.4.RELEASE\spring-webmvc-5.2.4.RELEASE.jar;E:\MyDownloads\javaWeb\maven\repository\org\springframework\spring-aop\5.2.4.RELEASE\spring-aop-5.2.4.RELEASE.jar;E:\MyDownloads\javaWeb\maven\repository\org\springframework\spring-context\5.2.4.RELEASE\spring-context-5.2.4.RELEASE.jar;E:\MyDownloads\javaWeb\maven\repository\org\springframework\spring-expression\5.2.4.RELEASE\spring-expression-5.2.4.RELEASE.jar;E:\MyDownloads\javaWeb\maven\repository\org\mybatis\spring\boot\mybatis-spring-boot-starter\2.1.2\mybatis-spring-boot-starter-2.1.2.jar;E:\MyDownloads\javaWeb\maven\repository\org\mybatis\spring\boot\mybatis-spring-boot-autoconfigure\2.1.2\mybatis-spring-boot-autoconfigure-2.1.2.jar;E:\MyDownloads\javaWeb\maven\repository\org\mybatis\mybatis\3.5.4\mybatis-3.5.4.jar;E:\MyDownloads\javaWeb\maven\repository\org\mybatis\mybatis-spring\2.0.4\mybatis-spring-2.0.4.jar;E:\MyDownloads\javaWeb\maven\repository\org\springframework\boot\spring-boot-devtools\2.2.5.RELEASE\spring-boot-devtools-2.2.5.RELEASE.jar;E:\MyDownloads\javaWeb\maven\repository\org\springframework\boot\spring-boot\2.2.5.RELEASE\spring-boot-2.2.5.RELEASE.jar;E:\MyDownloads\javaWeb\maven\repository\org\springframework\boot\spring-boot-autoconfigure\2.2.5.RELEASE\spring-boot-autoconfigure-2.2.5.RELEASE.jar;E:\MyDownloads\javaWeb\maven\repository\org\springframework\boot\spring-boot-starter-test\2.2.5.RELEASE\spring-boot-starter-test-2.2.5.RELEASE.jar;E:\MyDownloads\javaWeb\maven\repository\org\springframework\boot\spring-boot-test\2.2.5.RELEASE\spring-boot-test-2.2.5.RELEASE.jar;E:\MyDownloads\javaWeb\maven\repository\org\springframework\boot\spring-boot-test-autoconfigure\2.2.5.RELEASE\spring-boot-test-autoconfigure-2.2.5.RELEASE.jar;E:\MyDownloads\javaWeb\maven\repository\com\jayway\jsonpath\json-path\2.4.0\json-path-2.4.0.jar;E:\MyDownloads\javaWeb\maven\repository\net\minidev\json-smart\2.3\json-smart-2.3.jar;E:\MyDownloads\javaWeb\maven\repository\net\minidev\accessors-smart\1.2\accessors-smart-1.2.jar;E:\MyDownloads\javaWeb\maven\repository\org\ow2\asm\asm\5.0.4\asm-5.0.4.jar;E:\MyDownloads\javaWeb\maven\repository\jakarta\xml\bind\jakarta.xml.bind-api\2.3.2\jakarta.xml.bind-api-2.3.2.jar;E:\MyDownloads\javaWeb\maven\repository\jakarta\activation\jakarta.activation-api\1.2.2\jakarta.activation-api-1.2.2.jar;E:\MyDownloads\javaWeb\maven\repository\org\junit\jupiter\junit-jupiter\5.5.2\junit-jupiter-5.5.2.jar;E:\MyDownloads\javaWeb\maven\repository\org\junit\jupiter\junit-jupiter-api\5.5.2\junit-jupiter-api-5.5.2.jar;E:\MyDownloads\javaWeb\maven\repository\org\apiguardian\apiguardian-api\1.1.0\apiguardian-api-1.1.0.jar;E:\MyDownloads\javaWeb\maven\repository\org\opentest4j\opentest4j\1.2.0\opentest4j-1.2.0.jar;E:\MyDownloads\javaWeb\maven\repository\org\junit\platform\junit-platform-commons\1.5.2\junit-platform-commons-1.5.2.jar;E:\MyDownloads\javaWeb\maven\repository\org\junit\jupiter\junit-jupiter-params\5.5.2\junit-jupiter-params-5.5.2.jar;E:\MyDownloads\javaWeb\maven\repository\org\junit\jupiter\junit-jupiter-engine\5.5.2\junit-jupiter-engine-5.5.2.jar;E:\MyDownloads\javaWeb\maven\repository\org\junit\platform\junit-platform-engine\1.5.2\junit-platform-engine-1.5.2.jar;E:\MyDownloads\javaWeb\maven\repository\org\mockito\mockito-junit-jupiter\3.1.0\mockito-junit-jupiter-3.1.0.jar;E:\MyDownloads\javaWeb\maven\repository\org\assertj\assertj-core\3.13.2\assertj-core-3.13.2.jar;E:\MyDownloads\javaWeb\maven\repository\org\hamcrest\hamcrest\2.1\hamcrest-2.1.jar;E:\MyDownloads\javaWeb\maven\repository\org\mockito\mockito-core\3.1.0\mockito-core-3.1.0.jar;E:\MyDownloads\javaWeb\maven\repository\net\bytebuddy\byte-buddy\1.10.8\byte-buddy-1.10.8.jar;E:\MyDownloads\javaWeb\maven\repository\net\bytebuddy\byte-buddy-agent\1.10.8\byte-buddy-agent-1.10.8.jar;E:\MyDownloads\javaWeb\maven\repository\org\objenesis\objenesis\2.6\objenesis-2.6.jar;E:\MyDownloads\javaWeb\maven\repository\org\skyscreamer\jsonassert\1.5.0\jsonassert-1.5.0.jar;E:\MyDownloads\javaWeb\maven\repository\com\vaadin\external\google\android-json\0.0.20131108.vaadin1\android-json-0.0.20131108.vaadin1.jar;E:\MyDownloads\javaWeb\maven\repository\org\springframework\spring-core\5.2.4.RELEASE\spring-core-5.2.4.RELEASE.jar;E:\MyDownloads\javaWeb\maven\repository\org\springframework\spring-jcl\5.2.4.RELEASE\spring-jcl-5.2.4.RELEASE.jar;E:\MyDownloads\javaWeb\maven\repository\org\springframework\spring-test\5.2.4.RELEASE\spring-test-5.2.4.RELEASE.jar;E:\MyDownloads\javaWeb\maven\repository\org\xmlunit\xmlunit-core\2.6.3\xmlunit-core-2.6.3.jar;E:\MyDownloads\javaWeb\maven\repository\com\github\wxpay\wxpay-sdk\0.0.3\wxpay-sdk-0.0.3.jar;E:\MyDownloads\javaWeb\maven\repository\com\google\zxing\core\3.0.0\core-3.0.0.jar;E:\MyDownloads\javaWeb\maven\repository\com\google\zxing\javase\3.0.0\javase-3.0.0.jar;E:\MyDownloads\javaWeb\maven\repository\com\alibaba\fastjson\1.2.57\fastjson-1.2.57.jar;E:\MyDownloads\javaWeb\maven\repository\net\sf\trove4j\core\3.1.0\core-3.1.0.jar;E:\MyDownloads\javaWeb\maven\repository\org\projectlombok\lombok\1.18.6\lombok-1.18.6.jar;E:\MyDownloads\javaWeb\maven\repository\org\apache\commons\commons-lang3\3.9\commons-lang3-3.9.jar;E:\MyDownloads\javaWeb\maven\repository\com\fasterxml\jackson\dataformat\jackson-dataformat-xml\2.10.2\jackson-dataformat-xml-2.10.2.jar;E:\MyDownloads\javaWeb\maven\repository\com\fasterxml\jackson\core\jackson-core\2.10.2\jackson-core-2.10.2.jar;E:\MyDownloads\javaWeb\maven\repository\com\fasterxml\jackson\core\jackson-annotations\2.10.2\jackson-annotations-2.10.2.jar;E:\MyDownloads\javaWeb\maven\repository\com\fasterxml\jackson\core\jackson-databind\2.10.2\jackson-databind-2.10.2.jar;E:\MyDownloads\javaWeb\maven\repository\com\fasterxml\jackson\module\jackson-module-jaxb-annotations\2.10.2\jackson-module-jaxb-annotations-2.10.2.jar;E:\MyDownloads\javaWeb\maven\repository\org\codehaus\woodstox\stax2-api\4.2\stax2-api-4.2.jar;E:\MyDownloads\javaWeb\maven\repository\com\fasterxml\woodstox\woodstox-core\6.0.3\woodstox-core-6.0.3.jar;E:\MyDownloads\javaWeb\maven\repository\com\google\code\gson\gson\2.8.0\gson-2.8.0.jar;E:\MyDownloads\javaWeb\maven\repository\dom4j\dom4j\1.6.1\dom4j-1.6.1.jar;E:\MyDownloads\javaWeb\maven\repository\xml-apis\xml-apis\1.0.b2\xml-apis-1.0.b2.jar;E:\MyDownloads\javaWeb\maven\repository\cn\springboot\best-pay-sdk\1.3.0\best-pay-sdk-1.3.0.jar;E:\MyDownloads\javaWeb\maven\repository\junit\junit\4.12\junit-4.12.jar;E:\MyDownloads\javaWeb\maven\repository\org\hamcrest\hamcrest-core\2.1\hamcrest-core-2.1.jar;E:\MyDownloads\javaWeb\maven\repository\org\apache\httpcomponents\httpclient\4.5.11\httpclient-4.5.11.jar;E:\MyDownloads\javaWeb\maven\repository\org\apache\httpcomponents\httpcore\4.4.13\httpcore-4.4.13.jar;E:\MyDownloads\javaWeb\maven\repository\commons-codec\commons-codec\1.13\commons-codec-1.13.jar;E:\MyDownloads\javaWeb\maven\repository\org\glassfish\jersey\core\jersey-client\2.29.1\jersey-client-2.29.1.jar;E:\MyDownloads\javaWeb\maven\repository\jakarta\ws\rs\jakarta.ws.rs-api\2.1.6\jakarta.ws.rs-api-2.1.6.jar;E:\MyDownloads\javaWeb\maven\repository\org\glassfish\jersey\core\jersey-common\2.29.1\jersey-common-2.29.1.jar;E:\MyDownloads\javaWeb\maven\repository\org\glassfish\hk2\osgi-resource-locator\1.0.3\osgi-resource-locator-1.0.3.jar;E:\MyDownloads\javaWeb\maven\repository\org\glassfish\hk2\external\jakarta.inject\2.6.1\jakarta.inject-2.6.1.jar;E:\MyDownloads\javaWeb\maven\repository\org\glassfish\jersey\connectors\jersey-apache-connector\2.29.1\jersey-apache-connector-2.29.1.jar;E:\MyDownloads\javaWeb\maven\repository\org\slf4j\slf4j-api\1.7.30\slf4j-api-1.7.30.jar;E:\MyDownloads\javaWeb\maven\repository\joda-time\joda-time\2.10.5\joda-time-2.10.5.jar;E:\MyDownloads\javaWeb\maven\repository\org\apache\tomcat\embed\tomcat-embed-core\9.0.31\tomcat-embed-core-9.0.31.jar;E:\MyDownloads\javaWeb\maven\repository\org\apache\tomcat\tomcat-annotations-api\9.0.31\tomcat-annotations-api-9.0.31.jar;E:\MyDownloads\javaWeb\maven\repository\com\squareup\retrofit2\retrofit\2.3.0\retrofit-2.3.0.jar;E:\MyDownloads\javaWeb\maven\repository\com\squareup\okhttp3\okhttp\3.14.7\okhttp-3.14.7.jar;E:\MyDownloads\javaWeb\maven\repository\com\squareup\okio\okio\1.17.2\okio-1.17.2.jar;E:\MyDownloads\javaWeb\maven\repository\com\squareup\retrofit2\converter-simplexml\2.3.0\converter-simplexml-2.3.0.jar;E:\MyDownloads\javaWeb\maven\repository\org\simpleframework\simple-xml\2.7.1\simple-xml-2.7.1.jar;E:\MyDownloads\javaWeb\maven\repository\stax\stax-api\1.0.1\stax-api-1.0.1.jar;E:\MyDownloads\javaWeb\maven\repository\stax\stax\1.2.0\stax-1.2.0.jar;E:\MyDownloads\javaWeb\maven\repository\xpp3\xpp3\1.1.3.3\xpp3-1.1.3.3.jar;E:\MyDownloads\javaWeb\maven\repository\com\squareup\retrofit2\converter-gson\2.3.0\converter-gson-2.3.0.jar;E:\MyDownloads\javaWeb\maven\repository\com\squareup\okhttp3\logging-interceptor\3.14.7\logging-interceptor-3.14.7.jar;E:\MyDownloads\javaWeb\maven\repository\org\bouncycastle\bcprov-jdk15on\1.59\bcprov-jdk15on-1.59.jar;E:\MyDownloads\javaWeb\maven\repository\org\springframework\boot\spring-boot-starter-mail\2.2.5.RELEASE\spring-boot-starter-mail-2.2.5.RELEASE.jar;E:\MyDownloads\javaWeb\maven\repository\org\springframework\spring-context-support\5.2.4.RELEASE\spring-context-support-5.2.4.RELEASE.jar;E:\MyDownloads\javaWeb\maven\repository\com\sun\mail\jakarta.mail\1.6.4\jakarta.mail-1.6.4.jar;E:\MyDownloads\javaWeb\maven\repository\com\sun\activation\jakarta.activation\1.2.2\jakarta.activation-1.2.2.jar;E:\MyDownloads\javaWeb\maven\repository\javax\activation\activation\1.1\activation-1.1.jar;E:\MyDownloads\javaWeb\maven\repository\javax\mail\mail\1.4\mail-1.4.jar;"/>
    <property name="java.vm.vendor" value="Oracle Corporation"/>
    <property name="sun.arch.data.model" value="64"/>
    <property name="user.variant" value=""/>
    <property name="java.vendor.url" value="http://java.oracle.com/"/>
    <property name="user.timezone" value="Asia/Shanghai"/>
    <property name="java.vm.specification.version" value="1.8"/>
    <property name="os.name" value="Windows 8.1"/>
    <property name="user.country" value="CN"/>
    <property name="sun.java.launcher" value="SUN_STANDARD"/>
    <property name="sun.boot.library.path" value="C:\Program Files\Java\jdk1.8.0_11\jre\bin"/>
    <property name="sun.java.command" value="C:\Users\张玉雷\AppData\Local\Temp\surefire8900969554625390986\surefirebooter1906663499433599878.jar C:\Users\张玉雷\AppData\Local\Temp\surefire8900969554625390986 2020-03-22T08-22-35_542-jvmRun1 surefire3374197508248686538tmp surefire_07290793375362880138tmp"/>
    <property name="surefire.test.class.path" value="D:\IDEAProgram\plug_in_sales\target\test-classes;D:\IDEAProgram\plug_in_sales\target\classes;E:\MyDownloads\javaWeb\maven\repository\org\springframework\boot\spring-boot-starter-jdbc\2.2.5.RELEASE\spring-boot-starter-jdbc-2.2.5.RELEASE.jar;E:\MyDownloads\javaWeb\maven\repository\org\springframework\boot\spring-boot-starter\2.2.5.RELEASE\spring-boot-starter-2.2.5.RELEASE.jar;E:\MyDownloads\javaWeb\maven\repository\org\springframework\boot\spring-boot-starter-logging\2.2.5.RELEASE\spring-boot-starter-logging-2.2.5.RELEASE.jar;E:\MyDownloads\javaWeb\maven\repository\ch\qos\logback\logback-classic\1.2.3\logback-classic-1.2.3.jar;E:\MyDownloads\javaWeb\maven\repository\ch\qos\logback\logback-core\1.2.3\logback-core-1.2.3.jar;E:\MyDownloads\javaWeb\maven\repository\org\apache\logging\log4j\log4j-to-slf4j\2.12.1\log4j-to-slf4j-2.12.1.jar;E:\MyDownloads\javaWeb\maven\repository\org\apache\logging\log4j\log4j-api\2.12.1\log4j-api-2.12.1.jar;E:\MyDownloads\javaWeb\maven\repository\org\slf4j\jul-to-slf4j\1.7.30\jul-to-slf4j-1.7.30.jar;E:\MyDownloads\javaWeb\maven\repository\jakarta\annotation\jakarta.annotation-api\1.3.5\jakarta.annotation-api-1.3.5.jar;E:\MyDownloads\javaWeb\maven\repository\org\yaml\snakeyaml\1.25\snakeyaml-1.25.jar;E:\MyDownloads\javaWeb\maven\repository\com\zaxxer\HikariCP\3.4.2\HikariCP-3.4.2.jar;E:\MyDownloads\javaWeb\maven\repository\org\springframework\spring-jdbc\5.2.4.RELEASE\spring-jdbc-5.2.4.RELEASE.jar;E:\MyDownloads\javaWeb\maven\repository\org\springframework\spring-beans\5.2.4.RELEASE\spring-beans-5.2.4.RELEASE.jar;E:\MyDownloads\javaWeb\maven\repository\org\springframework\spring-tx\5.2.4.RELEASE\spring-tx-5.2.4.RELEASE.jar;E:\MyDownloads\javaWeb\maven\repository\mysql\mysql-connector-java\8.0.19\mysql-connector-java-8.0.19.jar;E:\MyDownloads\javaWeb\maven\repository\org\springframework\boot\spring-boot-starter-thymeleaf\2.2.5.RELEASE\spring-boot-starter-thymeleaf-2.2.5.RELEASE.jar;E:\MyDownloads\javaWeb\maven\repository\org\thymeleaf\thymeleaf-spring5\3.0.11.RELEASE\thymeleaf-spring5-3.0.11.RELEASE.jar;E:\MyDownloads\javaWeb\maven\repository\org\thymeleaf\thymeleaf\3.0.11.RELEASE\thymeleaf-3.0.11.RELEASE.jar;E:\MyDownloads\javaWeb\maven\repository\org\attoparser\attoparser\2.0.5.RELEASE\attoparser-2.0.5.RELEASE.jar;E:\MyDownloads\javaWeb\maven\repository\org\unbescape\unbescape\1.1.6.RELEASE\unbescape-1.1.6.RELEASE.jar;E:\MyDownloads\javaWeb\maven\repository\org\thymeleaf\extras\thymeleaf-extras-java8time\3.0.4.RELEASE\thymeleaf-extras-java8time-3.0.4.RELEASE.jar;E:\MyDownloads\javaWeb\maven\repository\org\springframework\boot\spring-boot-starter-web\2.2.5.RELEASE\spring-boot-starter-web-2.2.5.RELEASE.jar;E:\MyDownloads\javaWeb\maven\repository\org\springframework\boot\spring-boot-starter-json\2.2.5.RELEASE\spring-boot-starter-json-2.2.5.RELEASE.jar;E:\MyDownloads\javaWeb\maven\repository\com\fasterxml\jackson\datatype\jackson-datatype-jdk8\2.10.2\jackson-datatype-jdk8-2.10.2.jar;E:\MyDownloads\javaWeb\maven\repository\com\fasterxml\jackson\datatype\jackson-datatype-jsr310\2.10.2\jackson-datatype-jsr310-2.10.2.jar;E:\MyDownloads\javaWeb\maven\repository\com\fasterxml\jackson\module\jackson-module-parameter-names\2.10.2\jackson-module-parameter-names-2.10.2.jar;E:\MyDownloads\javaWeb\maven\repository\org\springframework\boot\spring-boot-starter-tomcat\2.2.5.RELEASE\spring-boot-starter-tomcat-2.2.5.RELEASE.jar;E:\MyDownloads\javaWeb\maven\repository\org\apache\tomcat\embed\tomcat-embed-el\9.0.31\tomcat-embed-el-9.0.31.jar;E:\MyDownloads\javaWeb\maven\repository\org\apache\tomcat\embed\tomcat-embed-websocket\9.0.31\tomcat-embed-websocket-9.0.31.jar;E:\MyDownloads\javaWeb\maven\repository\org\springframework\boot\spring-boot-starter-validation\2.2.5.RELEASE\spring-boot-starter-validation-2.2.5.RELEASE.jar;E:\MyDownloads\javaWeb\maven\repository\jakarta\validation\jakarta.validation-api\2.0.2\jakarta.validation-api-2.0.2.jar;E:\MyDownloads\javaWeb\maven\repository\org\hibernate\validator\hibernate-validator\6.0.18.Final\hibernate-validator-6.0.18.Final.jar;E:\MyDownloads\javaWeb\maven\repository\org\jboss\logging\jboss-logging\3.4.1.Final\jboss-logging-3.4.1.Final.jar;E:\MyDownloads\javaWeb\maven\repository\com\fasterxml\classmate\1.5.1\classmate-1.5.1.jar;E:\MyDownloads\javaWeb\maven\repository\org\springframework\spring-web\5.2.4.RELEASE\spring-web-5.2.4.RELEASE.jar;E:\MyDownloads\javaWeb\maven\repository\org\springframework\spring-webmvc\5.2.4.RELEASE\spring-webmvc-5.2.4.RELEASE.jar;E:\MyDownloads\javaWeb\maven\repository\org\springframework\spring-aop\5.2.4.RELEASE\spring-aop-5.2.4.RELEASE.jar;E:\MyDownloads\javaWeb\maven\repository\org\springframework\spring-context\5.2.4.RELEASE\spring-context-5.2.4.RELEASE.jar;E:\MyDownloads\javaWeb\maven\repository\org\springframework\spring-expression\5.2.4.RELEASE\spring-expression-5.2.4.RELEASE.jar;E:\MyDownloads\javaWeb\maven\repository\org\mybatis\spring\boot\mybatis-spring-boot-starter\2.1.2\mybatis-spring-boot-starter-2.1.2.jar;E:\MyDownloads\javaWeb\maven\repository\org\mybatis\spring\boot\mybatis-spring-boot-autoconfigure\2.1.2\mybatis-spring-boot-autoconfigure-2.1.2.jar;E:\MyDownloads\javaWeb\maven\repository\org\mybatis\mybatis\3.5.4\mybatis-3.5.4.jar;E:\MyDownloads\javaWeb\maven\repository\org\mybatis\mybatis-spring\2.0.4\mybatis-spring-2.0.4.jar;E:\MyDownloads\javaWeb\maven\repository\org\springframework\boot\spring-boot-devtools\2.2.5.RELEASE\spring-boot-devtools-2.2.5.RELEASE.jar;E:\MyDownloads\javaWeb\maven\repository\org\springframework\boot\spring-boot\2.2.5.RELEASE\spring-boot-2.2.5.RELEASE.jar;E:\MyDownloads\javaWeb\maven\repository\org\springframework\boot\spring-boot-autoconfigure\2.2.5.RELEASE\spring-boot-autoconfigure-2.2.5.RELEASE.jar;E:\MyDownloads\javaWeb\maven\repository\org\springframework\boot\spring-boot-starter-test\2.2.5.RELEASE\spring-boot-starter-test-2.2.5.RELEASE.jar;E:\MyDownloads\javaWeb\maven\repository\org\springframework\boot\spring-boot-test\2.2.5.RELEASE\spring-boot-test-2.2.5.RELEASE.jar;E:\MyDownloads\javaWeb\maven\repository\org\springframework\boot\spring-boot-test-autoconfigure\2.2.5.RELEASE\spring-boot-test-autoconfigure-2.2.5.RELEASE.jar;E:\MyDownloads\javaWeb\maven\repository\com\jayway\jsonpath\json-path\2.4.0\json-path-2.4.0.jar;E:\MyDownloads\javaWeb\maven\repository\net\minidev\json-smart\2.3\json-smart-2.3.jar;E:\MyDownloads\javaWeb\maven\repository\net\minidev\accessors-smart\1.2\accessors-smart-1.2.jar;E:\MyDownloads\javaWeb\maven\repository\org\ow2\asm\asm\5.0.4\asm-5.0.4.jar;E:\MyDownloads\javaWeb\maven\repository\jakarta\xml\bind\jakarta.xml.bind-api\2.3.2\jakarta.xml.bind-api-2.3.2.jar;E:\MyDownloads\javaWeb\maven\repository\jakarta\activation\jakarta.activation-api\1.2.2\jakarta.activation-api-1.2.2.jar;E:\MyDownloads\javaWeb\maven\repository\org\junit\jupiter\junit-jupiter\5.5.2\junit-jupiter-5.5.2.jar;E:\MyDownloads\javaWeb\maven\repository\org\junit\jupiter\junit-jupiter-api\5.5.2\junit-jupiter-api-5.5.2.jar;E:\MyDownloads\javaWeb\maven\repository\org\apiguardian\apiguardian-api\1.1.0\apiguardian-api-1.1.0.jar;E:\MyDownloads\javaWeb\maven\repository\org\opentest4j\opentest4j\1.2.0\opentest4j-1.2.0.jar;E:\MyDownloads\javaWeb\maven\repository\org\junit\platform\junit-platform-commons\1.5.2\junit-platform-commons-1.5.2.jar;E:\MyDownloads\javaWeb\maven\repository\org\junit\jupiter\junit-jupiter-params\5.5.2\junit-jupiter-params-5.5.2.jar;E:\MyDownloads\javaWeb\maven\repository\org\junit\jupiter\junit-jupiter-engine\5.5.2\junit-jupiter-engine-5.5.2.jar;E:\MyDownloads\javaWeb\maven\repository\org\junit\platform\junit-platform-engine\1.5.2\junit-platform-engine-1.5.2.jar;E:\MyDownloads\javaWeb\maven\repository\org\mockito\mockito-junit-jupiter\3.1.0\mockito-junit-jupiter-3.1.0.jar;E:\MyDownloads\javaWeb\maven\repository\org\assertj\assertj-core\3.13.2\assertj-core-3.13.2.jar;E:\MyDownloads\javaWeb\maven\repository\org\hamcrest\hamcrest\2.1\hamcrest-2.1.jar;E:\MyDownloads\javaWeb\maven\repository\org\mockito\mockito-core\3.1.0\mockito-core-3.1.0.jar;E:\MyDownloads\javaWeb\maven\repository\net\bytebuddy\byte-buddy\1.10.8\byte-buddy-1.10.8.jar;E:\MyDownloads\javaWeb\maven\repository\net\bytebuddy\byte-buddy-agent\1.10.8\byte-buddy-agent-1.10.8.jar;E:\MyDownloads\javaWeb\maven\repository\org\objenesis\objenesis\2.6\objenesis-2.6.jar;E:\MyDownloads\javaWeb\maven\repository\org\skyscreamer\jsonassert\1.5.0\jsonassert-1.5.0.jar;E:\MyDownloads\javaWeb\maven\repository\com\vaadin\external\google\android-json\0.0.20131108.vaadin1\android-json-0.0.20131108.vaadin1.jar;E:\MyDownloads\javaWeb\maven\repository\org\springframework\spring-core\5.2.4.RELEASE\spring-core-5.2.4.RELEASE.jar;E:\MyDownloads\javaWeb\maven\repository\org\springframework\spring-jcl\5.2.4.RELEASE\spring-jcl-5.2.4.RELEASE.jar;E:\MyDownloads\javaWeb\maven\repository\org\springframework\spring-test\5.2.4.RELEASE\spring-test-5.2.4.RELEASE.jar;E:\MyDownloads\javaWeb\maven\repository\org\xmlunit\xmlunit-core\2.6.3\xmlunit-core-2.6.3.jar;E:\MyDownloads\javaWeb\maven\repository\com\github\wxpay\wxpay-sdk\0.0.3\wxpay-sdk-0.0.3.jar;E:\MyDownloads\javaWeb\maven\repository\com\google\zxing\core\3.0.0\core-3.0.0.jar;E:\MyDownloads\javaWeb\maven\repository\com\google\zxing\javase\3.0.0\javase-3.0.0.jar;E:\MyDownloads\javaWeb\maven\repository\com\alibaba\fastjson\1.2.57\fastjson-1.2.57.jar;E:\MyDownloads\javaWeb\maven\repository\net\sf\trove4j\core\3.1.0\core-3.1.0.jar;E:\MyDownloads\javaWeb\maven\repository\org\projectlombok\lombok\1.18.6\lombok-1.18.6.jar;E:\MyDownloads\javaWeb\maven\repository\org\apache\commons\commons-lang3\3.9\commons-lang3-3.9.jar;E:\MyDownloads\javaWeb\maven\repository\com\fasterxml\jackson\dataformat\jackson-dataformat-xml\2.10.2\jackson-dataformat-xml-2.10.2.jar;E:\MyDownloads\javaWeb\maven\repository\com\fasterxml\jackson\core\jackson-core\2.10.2\jackson-core-2.10.2.jar;E:\MyDownloads\javaWeb\maven\repository\com\fasterxml\jackson\core\jackson-annotations\2.10.2\jackson-annotations-2.10.2.jar;E:\MyDownloads\javaWeb\maven\repository\com\fasterxml\jackson\core\jackson-databind\2.10.2\jackson-databind-2.10.2.jar;E:\MyDownloads\javaWeb\maven\repository\com\fasterxml\jackson\module\jackson-module-jaxb-annotations\2.10.2\jackson-module-jaxb-annotations-2.10.2.jar;E:\MyDownloads\javaWeb\maven\repository\org\codehaus\woodstox\stax2-api\4.2\stax2-api-4.2.jar;E:\MyDownloads\javaWeb\maven\repository\com\fasterxml\woodstox\woodstox-core\6.0.3\woodstox-core-6.0.3.jar;E:\MyDownloads\javaWeb\maven\repository\com\google\code\gson\gson\2.8.0\gson-2.8.0.jar;E:\MyDownloads\javaWeb\maven\repository\dom4j\dom4j\1.6.1\dom4j-1.6.1.jar;E:\MyDownloads\javaWeb\maven\repository\xml-apis\xml-apis\1.0.b2\xml-apis-1.0.b2.jar;E:\MyDownloads\javaWeb\maven\repository\cn\springboot\best-pay-sdk\1.3.0\best-pay-sdk-1.3.0.jar;E:\MyDownloads\javaWeb\maven\repository\junit\junit\4.12\junit-4.12.jar;E:\MyDownloads\javaWeb\maven\repository\org\hamcrest\hamcrest-core\2.1\hamcrest-core-2.1.jar;E:\MyDownloads\javaWeb\maven\repository\org\apache\httpcomponents\httpclient\4.5.11\httpclient-4.5.11.jar;E:\MyDownloads\javaWeb\maven\repository\org\apache\httpcomponents\httpcore\4.4.13\httpcore-4.4.13.jar;E:\MyDownloads\javaWeb\maven\repository\commons-codec\commons-codec\1.13\commons-codec-1.13.jar;E:\MyDownloads\javaWeb\maven\repository\org\glassfish\jersey\core\jersey-client\2.29.1\jersey-client-2.29.1.jar;E:\MyDownloads\javaWeb\maven\repository\jakarta\ws\rs\jakarta.ws.rs-api\2.1.6\jakarta.ws.rs-api-2.1.6.jar;E:\MyDownloads\javaWeb\maven\repository\org\glassfish\jersey\core\jersey-common\2.29.1\jersey-common-2.29.1.jar;E:\MyDownloads\javaWeb\maven\repository\org\glassfish\hk2\osgi-resource-locator\1.0.3\osgi-resource-locator-1.0.3.jar;E:\MyDownloads\javaWeb\maven\repository\org\glassfish\hk2\external\jakarta.inject\2.6.1\jakarta.inject-2.6.1.jar;E:\MyDownloads\javaWeb\maven\repository\org\glassfish\jersey\connectors\jersey-apache-connector\2.29.1\jersey-apache-connector-2.29.1.jar;E:\MyDownloads\javaWeb\maven\repository\org\slf4j\slf4j-api\1.7.30\slf4j-api-1.7.30.jar;E:\MyDownloads\javaWeb\maven\repository\joda-time\joda-time\2.10.5\joda-time-2.10.5.jar;E:\MyDownloads\javaWeb\maven\repository\org\apache\tomcat\embed\tomcat-embed-core\9.0.31\tomcat-embed-core-9.0.31.jar;E:\MyDownloads\javaWeb\maven\repository\org\apache\tomcat\tomcat-annotations-api\9.0.31\tomcat-annotations-api-9.0.31.jar;E:\MyDownloads\javaWeb\maven\repository\com\squareup\retrofit2\retrofit\2.3.0\retrofit-2.3.0.jar;E:\MyDownloads\javaWeb\maven\repository\com\squareup\okhttp3\okhttp\3.14.7\okhttp-3.14.7.jar;E:\MyDownloads\javaWeb\maven\repository\com\squareup\okio\okio\1.17.2\okio-1.17.2.jar;E:\MyDownloads\javaWeb\maven\repository\com\squareup\retrofit2\converter-simplexml\2.3.0\converter-simplexml-2.3.0.jar;E:\MyDownloads\javaWeb\maven\repository\org\simpleframework\simple-xml\2.7.1\simple-xml-2.7.1.jar;E:\MyDownloads\javaWeb\maven\repository\stax\stax-api\1.0.1\stax-api-1.0.1.jar;E:\MyDownloads\javaWeb\maven\repository\stax\stax\1.2.0\stax-1.2.0.jar;E:\MyDownloads\javaWeb\maven\repository\xpp3\xpp3\1.1.3.3\xpp3-1.1.3.3.jar;E:\MyDownloads\javaWeb\maven\repository\com\squareup\retrofit2\converter-gson\2.3.0\converter-gson-2.3.0.jar;E:\MyDownloads\javaWeb\maven\repository\com\squareup\okhttp3\logging-interceptor\3.14.7\logging-interceptor-3.14.7.jar;E:\MyDownloads\javaWeb\maven\repository\org\bouncycastle\bcprov-jdk15on\1.59\bcprov-jdk15on-1.59.jar;E:\MyDownloads\javaWeb\maven\repository\org\springframework\boot\spring-boot-starter-mail\2.2.5.RELEASE\spring-boot-starter-mail-2.2.5.RELEASE.jar;E:\MyDownloads\javaWeb\maven\repository\org\springframework\spring-context-support\5.2.4.RELEASE\spring-context-support-5.2.4.RELEASE.jar;E:\MyDownloads\javaWeb\maven\repository\com\sun\mail\jakarta.mail\1.6.4\jakarta.mail-1.6.4.jar;E:\MyDownloads\javaWeb\maven\repository\com\sun\activation\jakarta.activation\1.2.2\jakarta.activation-1.2.2.jar;E:\MyDownloads\javaWeb\maven\repository\javax\activation\activation\1.1\activation-1.1.jar;E:\MyDownloads\javaWeb\maven\repository\javax\mail\mail\1.4\mail-1.4.jar;"/>
    <property name="sun.cpu.endian" value="little"/>
    <property name="user.home" value="C:\Users\张玉雷"/>
    <property name="user.language" value="zh"/>
    <property name="java.specification.vendor" value="Oracle Corporation"/>
    <property name="java.home" value="C:\Program Files\Java\jdk1.8.0_11\jre"/>
    <property name="basedir" value="D:\IDEAProgram\plug_in_sales"/>
    <property name="file.separator" value="\"/>
    <property name="line.separator" value="&#10;"/>
    <property name="java.vm.specification.vendor" value="Oracle Corporation"/>
    <property name="java.specification.name" value="Java Platform API Specification"/>
    <property name="java.awt.graphicsenv" value="sun.awt.Win32GraphicsEnvironment"/>
    <property name="surefire.real.class.path" value="C:\Users\张玉雷\AppData\Local\Temp\surefire8900969554625390986\surefirebooter1906663499433599878.jar"/>
    <property name="sun.boot.class.path" value="C:\Program Files\Java\jdk1.8.0_11\jre\lib\resources.jar;C:\Program Files\Java\jdk1.8.0_11\jre\lib\rt.jar;C:\Program Files\Java\jdk1.8.0_11\jre\lib\sunrsasign.jar;C:\Program Files\Java\jdk1.8.0_11\jre\lib\jsse.jar;C:\Program Files\Java\jdk1.8.0_11\jre\lib\jce.jar;C:\Program Files\Java\jdk1.8.0_11\jre\lib\charsets.jar;C:\Program Files\Java\jdk1.8.0_11\jre\lib\jfr.jar;C:\Program Files\Java\jdk1.8.0_11\jre\classes"/>
    <property name="user.script" value=""/>
    <property name="sun.management.compiler" value="HotSpot 64-Bit Tiered Compilers"/>
    <property name="java.runtime.version" value="1.8.0_11-b12"/>
    <property name="user.name" value="张玉雷"/>
    <property name="path.separator" value=";"/>
    <property name="os.version" value="6.3"/>
    <property name="java.endorsed.dirs" value="C:\Program Files\Java\jdk1.8.0_11\jre\lib\endorsed"/>
    <property name="java.runtime.name" value="Java(TM) SE Runtime Environment"/>
    <property name="file.encoding" value="GBK"/>
    <property name="java.vm.name" value="Java HotSpot(TM) 64-Bit Server VM"/>
    <property name="localRepository" value="E:\MyDownloads\javaWeb\maven\repository"/>
    <property name="java.vendor.url.bug" value="http://bugreport.sun.com/bugreport/"/>
    <property name="java.io.tmpdir" value="C:\Users\张玉雷\AppData\Local\Temp\"/>
    <property name="java.version" value="1.8.0_11"/>
    <property name="user.dir" value="D:\IDEAProgram\plug_in_sales"/>
    <property name="os.arch" value="amd64"/>
    <property name="java.vm.specification.name" value="Java Virtual Machine Specification"/>
    <property name="java.awt.printerjob" value="sun.awt.windows.WPrinterJob"/>
    <property name="sun.os.patch.level" value=""/>
    <property name="idea.version2019.1.1" value="true"/>
    <property name="java.library.path" value="C:\Program Files\Java\jdk1.8.0_11\jre\bin;C:\WINDOWS\Sun\Java\bin;C:\WINDOWS\system32;C:\WINDOWS;C:\Program Files (x86)\Common Files\Oracle\Java\javapath;C:\WINDOWS\system32;C:\WINDOWS;C:\WINDOWS\System32\Wbem:E:\MinGW\bin\:;C:\WINDOWS\System32\WindowsPowerShell\v1.0\;C:\WINDOWS\System32\OpenSSH\;E:\2345Downloads\doxygen\bin;E:\课上软件\程序设计基础\CodeBlocks\MinGW\bin;E:\MinGw\;in;C:\Program Files\dotnet\;E:\MyDownloads\Download\bin;D:\bin;E:\MyDownloads\javaWeb\maven\apache-maven-3.3.9\bin;E:\MyDownloads\Git\Git\cmd;C:\Program Files\Microsoft SQL Server\110\Tools\Binn\;C:\Program Files (x86)\Microsoft SQL Server\110\Tools\Binn\;C:\Program Files\Microsoft SQL Server\110\DTS\Binn\;C:\Program Files (x86)\Microsoft SQL Server\110\Tools\Binn\ManagementStudio\;C:\Program Files (x86)\Microsoft Visual Studio 10.0\Common7\IDE\PrivateAssemblies\;C:\Program Files (x86)\Microsoft SQL Server\110\DTS\Binn\;C:\Program Files\Microsoft SQL Server\130\Tools\Binn\;E:\MyDownloads\CentosSoft\;D:\MyCoding\GoLangCoding\golangGRE\bin;E:\MyDownloads\node.js\node;;C:\WINDOWS\System32\Wbem;E:\Software\程序设计基础\python\Scripts\;E:\Software\程序设计基础\python\;C:\Users\张玉雷\AppData\Local\Microsoft\WindowsApps;E:\Microsoft VS Code Insiders\bin;E:\MyDownloads\Download\Microsoft VS Code Insiders\bin;A:\MinGw\bin;E:\课上\程序设计基础\Microsoft VS Code\bin;E:\Software\程序设计基础\golang\GoLand 2019.2\bin;;C:\Users\张玉雷\go\bin;E:\MyDownloads\node.js\nvm;E:\MyDownloads\node.js;E:\MyDownloads\node.js\nvm\v5.5.0\node_modules\npm;E:\MyDownloads\node.js\work\npm;E:\MyDownloads\Git\Git;;E:\Software\ToolsSoftware\Fiddler;."/>
    <property name="java.vm.info" value="mixed mode"/>
    <property name="java.vendor" value="Oracle Corporation"/>
    <property name="java.vm.version" value="25.11-b03"/>
    <property name="java.ext.dirs" value="C:\Program Files\Java\jdk1.8.0_11\jre\lib\ext;C:\WINDOWS\Sun\Java\lib\ext"/>
    <property name="sun.io.unicode.encoding" value="UnicodeLittle"/>
    <property name="java.class.version" value="52.0"/>
  </properties>
  <testcase name="contextLoads" classname="com.cloud.plug_in_sales.PlugInSalesApplicationTests" time="3.555"/>
</testsuite>